<?xml version="1.0" encoding="UTF-8"?>
<!-- Generated by org.testng.reporters.JUnitReportReporter -->
<testsuite hostname="Shohom" failures="0" tests="2" name="maven.ViewCategoryProducts" time="76.300" errors="0" timestamp="2022-02-22T13:53:25 IST" skipped="0">
  <testcase classname="maven.ViewCategoryProducts" name="viewCategory" time="25.356"/>
  <system-out/>
  <testcase classname="maven.ViewCategoryProducts" name="launchPage" time="50.944"/>
  <system-out/>
</testsuite> <!-- maven.ViewCategoryProducts -->
