<?xml version="1.0" encoding="UTF-8"?>
<!-- Generated by org.testng.reporters.JUnitReportReporter -->
<testsuite hostname="Shohom" failures="0" tests="2" name="maven.VerifyProductQuantity" time="51.328" errors="0" timestamp="2022-02-20T13:43:52 IST" skipped="0">
  <testcase classname="maven.VerifyProductQuantity" name="launchPage" time="38.185"/>
  <system-out/>
  <testcase classname="maven.VerifyProductQuantity" name="validateQuantity" time="13.143"/>
  <system-out/>
</testsuite> <!-- maven.VerifyProductQuantity -->
