<?xml version="1.0" encoding="UTF-8"?>
<!-- Generated by org.testng.reporters.JUnitReportReporter -->
<testsuite hostname="Shohom" failures="0" tests="1" name="maven.Subscription" time="30.932" errors="0" timestamp="2022-02-11T16:30:38 IST" skipped="0">
  <testcase classname="maven.Subscription" name="getSubscription" time="30.932"/>
  <system-out/>
</testsuite> <!-- maven.Subscription -->
