<?xml version="1.0" encoding="UTF-8"?>
<!-- Generated by org.testng.reporters.JUnitReportReporter -->
<testsuite hostname="Shohom" failures="0" tests="2" name="maven.ViewCartBrandProducts" time="37.180" errors="0" timestamp="2022-02-23T12:37:11 IST" skipped="0">
  <testcase classname="maven.ViewCartBrandProducts" name="launchPage" time="22.052"/>
  <system-out/>
  <testcase classname="maven.ViewCartBrandProducts" name="viewBrands" time="15.128"/>
  <system-out/>
</testsuite> <!-- maven.ViewCartBrandProducts -->
