<?xml version="1.0" encoding="UTF-8"?>
<!-- Generated by org.testng.reporters.JUnitReportReporter -->
<testsuite hostname="Shohom" failures="0" tests="1" name="maven.ScrollUpandDownPage" time="20.774" errors="0" timestamp="2022-02-28T19:22:52 IST" skipped="0">
  <testcase classname="maven.ScrollUpandDownPage" name="scrollUp" time="20.774"/>
  <system-out/>
</testsuite> <!-- maven.ScrollUpandDownPage -->
