<?xml version="1.0" encoding="UTF-8"?>
<!-- Generated by org.testng.reporters.JUnitReportReporter -->
<testsuite hostname="Shohom" failures="0" tests="3" name="maven.RemoveFromCart" time="39.184" errors="0" timestamp="2022-02-22T12:22:22 IST" skipped="0">
  <testcase classname="maven.RemoveFromCart" name="launchPage" time="30.126"/>
  <system-out/>
  <testcase classname="maven.RemoveFromCart" name="validateRemoveProducts" time="1.076"/>
  <system-out/>
  <testcase classname="maven.RemoveFromCart" name="addProducts" time="7.982"/>
  <system-out/>
</testsuite> <!-- maven.RemoveFromCart -->
