<?xml version="1.0" encoding="UTF-8"?>
<!-- Generated by org.testng.reporters.JUnitReportReporter -->
<testsuite hostname="Shohom" failures="0" tests="2" name="maven.RediffHomepage" time="68.189" errors="0" timestamp="2022-02-02T21:25:23 IST" skipped="0">
  <testcase classname="maven.RediffHomepage" name="validateLoginPage" time="29.250"/>
  <system-out/>
  <testcase classname="maven.RediffHomepage" name="validateLoginPage" time="38.939"/>
  <system-out/>
</testsuite> <!-- maven.RediffHomepage -->
