<?xml version="1.0" encoding="UTF-8"?>
<!-- Generated by org.testng.reporters.JUnitReportReporter -->
<testsuite hostname="Shohom" failures="0" tests="2" name="maven.RegisterUserAE" time="63.084" errors="0" timestamp="2022-02-04T21:18:47 IST" skipped="0">
  <testcase classname="maven.RegisterUserAE" name="validateAccount" time="31.413"/>
  <system-out/>
  <testcase classname="maven.RegisterUserAE" name="Login" time="31.671"/>
  <system-out/>
</testsuite> <!-- maven.RegisterUserAE -->
