<?xml version="1.0" encoding="UTF-8"?>
<!-- Generated by org.testng.reporters.JUnitReportReporter -->
<testsuite hostname="Shohom" failures="0" tests="3" name="maven.SearchProductsandVerifyCartAfterLogin" time="104.338" errors="0" timestamp="2022-02-23T14:24:33 IST" skipped="0">
  <testcase classname="maven.SearchProductsandVerifyCartAfterLogin" name="launchPage" time="59.675"/>
  <system-out/>
  <testcase classname="maven.SearchProductsandVerifyCartAfterLogin" name="validateCartPageafterLogin" time="20.625"/>
  <system-out/>
  <testcase classname="maven.SearchProductsandVerifyCartAfterLogin" name="searchProductsandAddtoCart" time="24.038"/>
  <system-out/>
</testsuite> <!-- maven.SearchProductsandVerifyCartAfterLogin -->
