<?xml version="1.0" encoding="UTF-8"?>
<!-- Generated by org.testng.reporters.JUnitReportReporter -->
<testsuite hostname="Shohom" failures="0" tests="2" name="maven.AddReviewonProducts" time="48.491" errors="0" timestamp="2022-02-26T13:06:36 IST" skipped="0">
  <testcase classname="maven.AddReviewonProducts" name="viewProductsandAddReviews" time="17.035"/>
  <system-out/>
  <testcase classname="maven.AddReviewonProducts" name="launchPage" time="31.456"/>
  <system-out/>
</testsuite> <!-- maven.AddReviewonProducts -->
