<?xml version="1.0" encoding="UTF-8"?>
<!-- Generated by org.testng.reporters.JUnitReportReporter -->
<testsuite hostname="Shohom" failures="0" tests="1" name="maven.RegisterWithExistingUser" time="16.671" errors="0" timestamp="2022-02-09T12:23:06 IST" skipped="0">
  <testcase classname="maven.RegisterWithExistingUser" name="Login" time="16.671"/>
  <system-out/>
</testsuite> <!-- maven.RegisterWithExistingUser -->
