<?xml version="1.0" encoding="UTF-8"?>
<!-- Generated by org.testng.reporters.JUnitReportReporter -->
<testsuite hostname="Shohom" failures="0" tests="1" name="maven.validateTitle" time="28.807" errors="0" timestamp="2021-11-16T15:08:36 IST" skipped="0">
  <testcase classname="maven.validateTitle" name="validateText" time="28.807"/>
  <system-out/>
</testsuite> <!-- maven.validateTitle -->
