<?xml version="1.0" encoding="UTF-8"?>
<!-- Generated by org.testng.reporters.JUnitReportReporter -->
<testsuite hostname="Shohom" failures="0" tests="5" name="maven.VerifyBillingandDeliveryAddress" time="72.438" errors="0" timestamp="2022-03-05T16:07:56 IST" skipped="0">
  <testcase classname="maven.VerifyBillingandDeliveryAddress" name="Login" time="32.854"/>
  <system-out/>
  <testcase classname="maven.VerifyBillingandDeliveryAddress" name="validateAccount" time="27.623"/>
  <system-out/>
  <testcase classname="maven.VerifyBillingandDeliveryAddress" name="validateBillingAddress" time="0.112"/>
  <system-out/>
  <testcase classname="maven.VerifyBillingandDeliveryAddress" name="addProducts" time="11.712"/>
  <system-out/>
  <testcase classname="maven.VerifyBillingandDeliveryAddress" name="validateDeliveryAddress" time="0.137"/>
  <system-out/>
</testsuite> <!-- maven.VerifyBillingandDeliveryAddress -->
