<?xml version="1.0" encoding="UTF-8"?>
<!-- Generated by org.testng.reporters.JUnitReportReporter -->
<testsuite hostname="Shohom" failures="0" tests="1" name="maven.FillContactform" time="34.025" errors="0" timestamp="2022-02-09T15:45:07 IST" skipped="0">
  <testcase classname="maven.FillContactform" name="Login" time="34.025"/>
  <system-out/>
</testsuite> <!-- maven.FillContactform -->
