<?xml version="1.0" encoding="UTF-8"?>
<!-- Generated by org.testng.reporters.JUnitReportReporter -->
<testsuite hostname="Shohom" failures="0" tests="1" name="maven.SearchProducts" time="25.287" errors="0" timestamp="2022-02-11T16:04:08 IST" skipped="0">
  <testcase classname="maven.SearchProducts" name="searchProduct" time="25.287"/>
  <system-out/>
</testsuite> <!-- maven.SearchProducts -->
