<?xml version="1.0" encoding="UTF-8"?>
<!-- Generated by org.testng.reporters.JUnitReportReporter -->
<testsuite hostname="Shohom" failures="0" tests="1" name="maven.ProductsPageValidation" time="38.277" errors="0" timestamp="2022-02-11T14:00:03 IST" skipped="0">
  <testcase classname="maven.ProductsPageValidation" name="validateProducts" time="38.277"/>
  <system-out/>
</testsuite> <!-- maven.ProductsPageValidation -->
