<?xml version="1.0" encoding="UTF-8"?>
<!-- Generated by org.testng.reporters.JUnitReportReporter -->
<testsuite hostname="Shohom" failures="0" tests="3" name="maven.ValidLoginUser" time="41.220" errors="0" timestamp="2022-02-06T15:21:55 IST" skipped="0">
  <testcase classname="maven.ValidLoginUser" name="userDetails" time="20.301"/>
  <system-out/>
  <testcase classname="maven.ValidLoginUser" name="userDetails" time="2.537"/>
  <system-out/>
  <testcase classname="maven.ValidLoginUser" name="getLogin" time="18.382"/>
  <system-out/>
</testsuite> <!-- maven.ValidLoginUser -->
