<?xml version="1.0" encoding="UTF-8"?>
<!-- Generated by org.testng.reporters.JUnitReportReporter -->
<testsuite hostname="Shohom" failures="0" tests="4" name="maven.AddProductsToCart" time="34.427" errors="0" timestamp="2022-03-05T14:03:59 IST" skipped="0">
  <testcase classname="maven.AddProductsToCart" name="addProducts" time="7.713"/>
  <system-out/>
  <testcase classname="maven.AddProductsToCart" name="validatecheckOut" time="0.200"/>
  <system-out/>
  <testcase classname="maven.AddProductsToCart" name="launchPage" time="25.822"/>
  <system-out/>
  <testcase classname="maven.AddProductsToCart" name="validatecheckOut" time="0.692"/>
  <system-out/>
</testsuite> <!-- maven.AddProductsToCart -->
