<?xml version="1.0" encoding="UTF-8"?>
<!-- Generated by org.testng.reporters.JUnitReportReporter -->
<testsuite hostname="Shohom" failures="0" tests="4" name="maven.sample" time="54.529" errors="0" timestamp="2022-03-05T15:58:53 IST" skipped="0">
  <testcase classname="maven.sample" name="addProducts" time="7.658"/>
  <system-out/>
  <testcase classname="maven.sample" name="validateDeliveryAddress" time="0.205"/>
  <system-out/>
  <testcase classname="maven.sample" name="Login" time="46.525"/>
  <system-out/>
  <testcase classname="maven.sample" name="validateBillingAddress" time="0.141"/>
  <system-out/>
</testsuite> <!-- maven.sample -->
