<?xml version="1.0" encoding="UTF-8"?>
<!-- Generated by org.testng.reporters.JUnitReportReporter -->
<testsuite hostname="Shohom" failures="0" tests="2" name="maven.AddRecommendedItems" time="30.946" errors="0" timestamp="2022-02-27T12:56:09 IST" skipped="0">
  <testcase classname="maven.AddRecommendedItems" name="launchPage" time="20.332"/>
  <system-out/>
  <testcase classname="maven.AddRecommendedItems" name="addRecommendedItems" time="10.614"/>
  <system-out/>
</testsuite> <!-- maven.AddRecommendedItems -->
