<?xml version="1.0" encoding="UTF-8"?>
<!-- Generated by org.testng.reporters.JUnitReportReporter -->
<testsuite hostname="Shohom" failures="0" tests="4" name="maven.DownloadInvoice" time="95.674" errors="0" timestamp="2022-02-28T15:11:40 IST" skipped="0">
  <testcase classname="maven.DownloadInvoice" name="launchPage" time="22.408"/>
  <system-out/>
  <testcase classname="maven.DownloadInvoice" name="validateQuantity" time="8.614"/>
  <system-out/>
  <testcase classname="maven.DownloadInvoice" name="CheckOutandDownloadInvoice" time="36.419"/>
  <system-out/>
  <testcase classname="maven.DownloadInvoice" name="accountCreation" time="28.233"/>
  <system-out/>
</testsuite> <!-- maven.DownloadInvoice -->
