<?xml version="1.0" encoding="UTF-8"?>
<!-- Generated by org.testng.reporters.JUnitReportReporter -->
<testsuite hostname="Shohom" failures="0" tests="3" name="maven.SearchProductsandVerifyCartAfterLogin" time="57.762" errors="0" timestamp="2022-03-03T13:12:14 IST" skipped="0">
  <testcase classname="maven.SearchProductsandVerifyCartAfterLogin" name="searchProductsandAddtoCart" time="19.530"/>
  <system-out/>
  <testcase classname="maven.SearchProductsandVerifyCartAfterLogin" name="launchPage" time="17.602"/>
  <system-out/>
  <testcase classname="maven.SearchProductsandVerifyCartAfterLogin" name="validateCartPageafterLogin" time="20.630"/>
  <system-out/>
</testsuite> <!-- maven.SearchProductsandVerifyCartAfterLogin -->
