<?xml version="1.0" encoding="UTF-8"?>
<!-- Generated by org.testng.reporters.JUnitReportReporter -->
<testsuite hostname="Shohom" failures="0" tests="3" name="maven.RemoveFromCart" time="37.395" errors="0" timestamp="2022-03-03T12:54:08 IST" skipped="0">
  <testcase classname="maven.RemoveFromCart" name="launchPage" time="30.692"/>
  <system-out/>
  <testcase classname="maven.RemoveFromCart" name="addProducts" time="6.000"/>
  <system-out/>
  <testcase classname="maven.RemoveFromCart" name="validateRemoveProducts" time="0.703"/>
  <system-out/>
</testsuite> <!-- maven.RemoveFromCart -->
