<?xml version="1.0" encoding="UTF-8"?>
<!-- Generated by org.testng.reporters.JUnitReportReporter -->
<testsuite hostname="Shohom" failures="0" tests="1" name="maven.validateSearchBox" time="82.960" errors="0" timestamp="2021-11-20T11:32:44 IST" skipped="0">
  <testcase classname="maven.validateSearchBox" name="validateText" time="82.960"/>
  <system-out/>
</testsuite> <!-- maven.validateSearchBox -->
