<?xml version="1.0" encoding="UTF-8"?>
<!-- Generated by org.testng.reporters.JUnitReportReporter -->
<testsuite hostname="Shohom" failures="0" tests="2" name="maven.VerifyProductQuantity" time="22.031" errors="0" timestamp="2022-03-03T12:54:08 IST" skipped="0">
  <testcase classname="maven.VerifyProductQuantity" name="launchPage" time="14.488"/>
  <system-out/>
  <testcase classname="maven.VerifyProductQuantity" name="validateQuantity" time="7.543"/>
  <system-out/>
</testsuite> <!-- maven.VerifyProductQuantity -->
