<?xml version="1.0" encoding="UTF-8"?>
<!-- Generated by org.testng.reporters.JUnitReportReporter -->
<testsuite hostname="Shohom" failures="0" tests="4" name="maven.DownloadInvoice" time="87.625" errors="0" timestamp="2022-03-03T14:08:06 IST" skipped="0">
  <testcase classname="maven.DownloadInvoice" name="launchPage" time="33.657"/>
  <system-out/>
  <testcase classname="maven.DownloadInvoice" name="CheckOutandDownloadInvoice" time="26.032"/>
  <system-out/>
  <testcase classname="maven.DownloadInvoice" name="accountCreation" time="19.116"/>
  <system-out/>
  <testcase classname="maven.DownloadInvoice" name="validateQuantity" time="8.820"/>
  <system-out/>
</testsuite> <!-- maven.DownloadInvoice -->
