<?xml version="1.0" encoding="UTF-8"?>
<!-- Generated by org.testng.reporters.JUnitReportReporter -->
<testsuite hostname="Shohom" failures="0" tests="2" name="maven.AddRecommendedItems" time="10.521" errors="0" timestamp="2022-03-03T13:37:33 IST" skipped="0">
  <testcase classname="maven.AddRecommendedItems" name="launchPage" time="5.820"/>
  <system-out/>
  <testcase classname="maven.AddRecommendedItems" name="addRecommendedItems" time="4.701"/>
  <system-out/>
</testsuite> <!-- maven.AddRecommendedItems -->
