<?xml version="1.0" encoding="UTF-8"?>
<!-- Generated by org.testng.reporters.JUnitReportReporter -->
<testsuite hostname="Shohom" failures="0" tests="2" name="maven.ScrollUpandDownPage" time="20.228" errors="0" timestamp="2022-03-03T14:08:06 IST" skipped="0">
  <testcase classname="maven.ScrollUpandDownPage" name="scrollUp" time="11.858"/>
  <system-out/>
  <testcase classname="maven.ScrollUpandDownPage" name="scrollDown" time="8.370"/>
  <system-out/>
</testsuite> <!-- maven.ScrollUpandDownPage -->
