<?xml version="1.0" encoding="UTF-8"?>
<!-- Generated by org.testng.reporters.JUnitReportReporter -->
<testsuite hostname="Shohom" failures="0" tests="2" name="maven.AddReviewonProducts" time="38.362" errors="0" timestamp="2022-03-03T13:37:33 IST" skipped="0">
  <testcase classname="maven.AddReviewonProducts" name="viewProductsandAddReviews" time="15.134"/>
  <system-out/>
  <testcase classname="maven.AddReviewonProducts" name="launchPage" time="23.228"/>
  <system-out/>
</testsuite> <!-- maven.AddReviewonProducts -->
