<?xml version="1.0" encoding="UTF-8"?>
<!-- Generated by org.testng.reporters.JUnitReportReporter -->
<testsuite hostname="Shohom" failures="0" tests="2" name="maven.RegisterUserAE" time="64.984" errors="0" timestamp="2022-03-02T13:04:41 IST" skipped="0">
  <testcase classname="maven.RegisterUserAE" name="Login" time="39.686"/>
  <system-out/>
  <testcase classname="maven.RegisterUserAE" name="validateAccount" time="25.298"/>
  <system-out/>
</testsuite> <!-- maven.RegisterUserAE -->
