<?xml version="1.0" encoding="UTF-8"?>
<!-- Generated by org.testng.reporters.JUnitReportReporter -->
<testsuite hostname="Shohom" failures="0" tests="2" name="maven.ViewCartBrandProducts" time="54.824" errors="0" timestamp="2022-03-03T13:12:14 IST" skipped="0">
  <testcase classname="maven.ViewCartBrandProducts" name="viewBrands" time="30.368"/>
  <system-out/>
  <testcase classname="maven.ViewCartBrandProducts" name="launchPage" time="24.456"/>
  <system-out/>
</testsuite> <!-- maven.ViewCartBrandProducts -->
