<?xml version="1.0" encoding="UTF-8"?>
<!-- Generated by org.testng.reporters.JUnitReportReporter -->
<testsuite hostname="Shohom" failures="0" tests="1" name="maven.Subscription" time="20.615" errors="0" timestamp="2022-03-02T18:57:26 IST" skipped="0">
  <testcase classname="maven.Subscription" name="getSubscription" time="20.615"/>
  <system-out/>
</testsuite> <!-- maven.Subscription -->
