<?xml version="1.0" encoding="UTF-8"?>
<!-- Generated by org.testng.reporters.JUnitReportReporter -->
<testsuite hostname="Shohom" failures="0" tests="3" name="maven.ValidLoginUser" time="29.034" errors="0" timestamp="2022-03-02T13:04:41 IST" skipped="0">
  <testcase classname="maven.ValidLoginUser" name="getLogin" time="11.857"/>
  <system-out/>
  <testcase classname="maven.ValidLoginUser" name="userDetails" time="14.548"/>
  <system-out/>
  <testcase classname="maven.ValidLoginUser" name="userDetails" time="2.629"/>
  <system-out/>
</testsuite> <!-- maven.ValidLoginUser -->
