<?xml version="1.0" encoding="UTF-8"?>
<!-- Generated by org.testng.reporters.JUnitReportReporter -->
<testsuite hostname="Shohom" failures="0" tests="4" name="maven.RegisterWhileCheckout" time="78.059" errors="0" timestamp="2022-03-03T12:54:08 IST" skipped="0">
  <testcase classname="maven.RegisterWhileCheckout" name="accountCreation" time="25.160"/>
  <system-out/>
  <testcase classname="maven.RegisterWhileCheckout" name="validateQuantity" time="9.319"/>
  <system-out/>
  <testcase classname="maven.RegisterWhileCheckout" name="launchPage" time="20.609"/>
  <system-out/>
  <testcase classname="maven.RegisterWhileCheckout" name="CheckOut" time="22.971"/>
  <system-out/>
</testsuite> <!-- maven.RegisterWhileCheckout -->
