<?xml version="1.0" encoding="UTF-8"?>
<!-- Generated by org.testng.reporters.JUnitReportReporter -->
<testsuite hostname="Shohom" failures="0" tests="2" name="maven.ViewCategoryProducts" time="28.220" errors="0" timestamp="2022-03-03T13:24:05 IST" skipped="0">
  <testcase classname="maven.ViewCategoryProducts" name="launchPage" time="10.237"/>
  <system-out/>
  <testcase classname="maven.ViewCategoryProducts" name="viewCategory" time="17.983"/>
  <system-out/>
</testsuite> <!-- maven.ViewCategoryProducts -->
