<?xml version="1.0" encoding="UTF-8"?>
<!-- Generated by org.testng.reporters.JUnitReportReporter -->
<testsuite hostname="Shohom" failures="0" tests="1" name="maven.FillContactform" time="35.694" errors="0" timestamp="2022-03-02T13:13:24 IST" skipped="0">
  <testcase classname="maven.FillContactform" name="ContactForm" time="35.694"/>
  <system-out/>
</testsuite> <!-- maven.FillContactform -->
