<?xml version="1.0" encoding="UTF-8"?>
<!-- Generated by org.testng.reporters.JUnitReportReporter -->
<testsuite hostname="Shohom" failures="0" tests="1" name="maven.RegisterWithExistingUser" time="36.421" errors="0" timestamp="2022-03-02T13:13:24 IST" skipped="0">
  <testcase classname="maven.RegisterWithExistingUser" name="Login" time="36.421"/>
  <system-out/>
</testsuite> <!-- maven.RegisterWithExistingUser -->
