<?xml version="1.0" encoding="UTF-8"?>
<!-- Generated by org.testng.reporters.JUnitReportReporter -->
<testsuite hostname="Shohom" failures="0" tests="1" name="maven.SearchProducts" time="35.653" errors="0" timestamp="2022-03-02T17:27:46 IST" skipped="0">
  <testcase classname="maven.SearchProducts" name="searchProduct" time="35.653"/>
  <system-out/>
</testsuite> <!-- maven.SearchProducts -->
