<?xml version="1.0" encoding="UTF-8"?>
<!-- Generated by org.testng.reporters.JUnitReportReporter -->
<testsuite hostname="Shohom" failures="0" tests="1" name="maven.ProductsPageValidation" time="31.720" errors="0" timestamp="2022-03-02T17:27:46 IST" skipped="0">
  <testcase classname="maven.ProductsPageValidation" name="validateProducts" time="31.720"/>
  <system-out/>
</testsuite> <!-- maven.ProductsPageValidation -->
